<?xml version="1.0" encoding="UTF-8" ?>
<testsuite tests="5" failures="0" name="RunCucumberTest" time="95.532" errors="0" skipped="0">
  <properties>
[...]
</properties>
  <testcase classname="Ebay" name="Ebay - Búsqueda - &apos;Guitarra electrica&apos;" time="25.838"/>
  <testcase classname="Gmail" name="Gmail - Login Correcto" time="22.513"/>
  <testcase classname="Gmail" name="Gmail - Login Incorrecto - Campo &apos;Password&apos; incorrecto" time="20.371"/>
  <testcase classname="Gmail" name="Gmail - Login Incorrecto - Campo &apos;Email&apos; incorrecto" time="18.545"/>
  <testcase classname="Poke Api" name="Pokeapi - Cantidad de registros" time="8.265"/>
</testsuite>